<?xml version="1.0" encoding="UTF-8"?>
<testng-results ignored="0" total="1" passed="1" failed="0" skipped="0">
  <reporter-output>
  </reporter-output>
  <suite started-at="2023-04-20T12:40:05 IST" name="All Test Suite" finished-at="2023-04-20T12:40:22 IST" duration-ms="17538">
    <groups>
    </groups>
    <test started-at="2023-04-20T12:40:05 IST" name="C:/java epam/testproject" finished-at="2023-04-20T12:40:22 IST" duration-ms="17538">
      <class name="org.example.AppTest">
        <test-method signature="googletest()[pri:0, instance:org.example.AppTest@5223e5ee]" started-at="2023-04-20T12:40:05 IST" name="googletest" finished-at="2023-04-20T12:40:22 IST" duration-ms="17459" status="PASS">
          <reporter-output>
          </reporter-output>
        </test-method> <!-- googletest -->
      </class> <!-- org.example.AppTest -->
    </test> <!-- C:/java epam/testproject -->
  </suite> <!-- All Test Suite -->
</testng-results>
