<?xml version="1.0" encoding="UTF-8"?>
<testng-results ignored="0" total="1" passed="0" failed="1" skipped="0">
  <reporter-output>
  </reporter-output>
  <suite started-at="2023-04-20T12:19:42 IST" name="All Test Suite" finished-at="2023-04-20T12:19:54 IST" duration-ms="12104">
    <groups>
    </groups>
    <test started-at="2023-04-20T12:19:42 IST" name="C:/java epam/testproject" finished-at="2023-04-20T12:19:54 IST" duration-ms="12104">
      <class name="org.example.AppTest">
        <test-method signature="googletest()[pri:0, instance:org.example.AppTest@5223e5ee]" started-at="2023-04-20T12:19:42 IST" name="googletest" finished-at="2023-04-20T12:19:54 IST" duration-ms="11993" status="FAIL">
          <exception class="junit.framework.ComparisonFailure">
            <message>
              <![CDATA[expected:<https://www.google.com/search?q=Mobiles&source=hp&ei=jeBAZLC1FeSv2roP6Oy82AQ&iflsig=AOEireoAAAAAZEDunVkuhw_PUe7fd-qGr6F4AqOjqrdP&ved=0ahUKEwjwr5OT77f-AhXkl1YBHWg2D0sQ4dUDCAk&oq=Mobiles&gs_lcp=Cgdnd3Mtd2l6EAwyCAgAEIAEELEDMggIABCABBCxAzILCAAQgAQQsQMQgwEyCAgAEIAEELEDMggIABCABBCxAzIICAAQgAQQsQMyCwgAEIAEELEDEIMBMgUIABCABDIFCAAQgAQyBQgAEIAEOggIABCKBRCxA1AAWEhggwpoAHAAeACAAZoCiAHGB5IBBTAuMS4zmAEAoAEB&sclient=gws-wiz> but was:<Mobiles - Google Search>]]>
            </message>
            <full-stacktrace>
              <![CDATA[junit.framework.ComparisonFailure: expected:<https://www.google.com/search?q=Mobiles&source=hp&ei=jeBAZLC1FeSv2roP6Oy82AQ&iflsig=AOEireoAAAAAZEDunVkuhw_PUe7fd-qGr6F4AqOjqrdP&ved=0ahUKEwjwr5OT77f-AhXkl1YBHWg2D0sQ4dUDCAk&oq=Mobiles&gs_lcp=Cgdnd3Mtd2l6EAwyCAgAEIAEELEDMggIABCABBCxAzILCAAQgAQQsQMQgwEyCAgAEIAEELEDMggIABCABBCxAzIICAAQgAQQsQMyCwgAEIAEELEDEIMBMgUIABCABDIFCAAQgAQyBQgAEIAEOggIABCKBRCxA1AAWEhggwpoAHAAeACAAZoCiAHGB5IBBTAuMS4zmAEAoAEB&sclient=gws-wiz> but was:<Mobiles - Google Search>
at junit.framework.Assert.assertEquals(Assert.java:81)
at junit.framework.Assert.assertEquals(Assert.java:87)
at org.example.AppTest.googletest(AppTest.java:23)
at java.base/jdk.internal.reflect.DirectMethodHandleAccessor.invoke(DirectMethodHandleAccessor.java:104)
at java.base/java.lang.reflect.Method.invoke(Method.java:578)
at org.testng.internal.invokers.MethodInvocationHelper.invokeMethod(MethodInvocationHelper.java:139)
at org.testng.internal.invokers.TestInvoker.invokeMethod(TestInvoker.java:677)
at org.testng.internal.invokers.TestInvoker.invokeTestMethod(TestInvoker.java:221)
at org.testng.internal.invokers.MethodRunner.runInSequence(MethodRunner.java:50)
at org.testng.internal.invokers.TestInvoker$MethodInvocationAgent.invoke(TestInvoker.java:969)
at org.testng.internal.invokers.TestInvoker.invokeTestMethods(TestInvoker.java:194)
at org.testng.internal.invokers.TestMethodWorker.invokeTestMethods(TestMethodWorker.java:148)
at org.testng.internal.invokers.TestMethodWorker.run(TestMethodWorker.java:128)
at java.base/java.util.ArrayList.forEach(ArrayList.java:1511)
at org.testng.TestRunner.privateRun(TestRunner.java:829)
at org.testng.TestRunner.run(TestRunner.java:602)
at org.testng.SuiteRunner.runTest(SuiteRunner.java:437)
at org.testng.SuiteRunner.runSequentially(SuiteRunner.java:431)
at org.testng.SuiteRunner.privateRun(SuiteRunner.java:391)
at org.testng.SuiteRunner.run(SuiteRunner.java:330)
at org.testng.SuiteRunnerWorker.runSuite(SuiteRunnerWorker.java:52)
at org.testng.SuiteRunnerWorker.run(SuiteRunnerWorker.java:95)
at org.testng.TestNG.runSuitesSequentially(TestNG.java:1256)
at org.testng.TestNG.runSuitesLocally(TestNG.java:1176)
at org.testng.TestNG.runSuites(TestNG.java:1099)
at org.testng.TestNG.run(TestNG.java:1067)
at org.apache.maven.surefire.testng.TestNGExecutor.run(TestNGExecutor.java:283)
at org.apache.maven.surefire.testng.TestNGXmlTestSuite.execute(TestNGXmlTestSuite.java:75)
at org.apache.maven.surefire.testng.TestNGProvider.invoke(TestNGProvider.java:120)
at org.apache.maven.surefire.booter.ForkedBooter.invokeProviderInSameClassLoader(ForkedBooter.java:384)
at org.apache.maven.surefire.booter.ForkedBooter.runSuitesInProcess(ForkedBooter.java:345)
at org.apache.maven.surefire.booter.ForkedBooter.execute(ForkedBooter.java:126)
at org.apache.maven.surefire.booter.ForkedBooter.main(ForkedBooter.java:418)
]]>
            </full-stacktrace>
          </exception> <!-- junit.framework.ComparisonFailure -->
          <reporter-output>
          </reporter-output>
        </test-method> <!-- googletest -->
      </class> <!-- org.example.AppTest -->
    </test> <!-- C:/java epam/testproject -->
  </suite> <!-- All Test Suite -->
</testng-results>
